<?xml version="1.0" encoding="UTF-8"?>
<!-- Generated by org.testng.reporters.JUnitReportReporter -->
<testsuite hostname="LAPTOP-49BCJPO8" failures="0" tests="1" name="test.ResumeTest" time="22.704" errors="0" timestamp="2023-11-01T00:04:43 IST" skipped="0">
  <testcase classname="test.ResumeTest" name="test" time="22.704"/>
</testsuite> <!-- test.ResumeTest -->
